1:C 04 Nov 2021 14:52:21.209 # oO0OoO0OoO0Oo Redis is starting oO0OoO0OoO0Oo
1:C 04 Nov 2021 14:52:21.219 # Redis version=6.2.6, bits=64, commit=00000000, modified=0, pid=1, just started
1:C 04 Nov 2021 14:52:21.224 # Configuration loaded
1:M 04 Nov 2021 14:52:21.245 * monotonic clock: POSIX clock_gettime
                _._                                                  
           _.-``__ ''-._                                             
      _.-``    `.  `_.  ''-._           Redis 6.2.6 (00000000/0) 64 bit
  .-`` .-```.  ```\/    _.,_ ''-._                                  
 (    '      ,       .-`  | `,    )     Running in standalone mode
 |`-._`-...-` __...-.``-._|'` _.-'|     Port: 6379
 |    `-._   `._    /     _.-'    |     PID: 1
  `-._    `-._  `-./  _.-'    _.-'                                   
 |`-._`-._    `-.__.-'    _.-'_.-'|                                  
 |    `-._`-._        _.-'_.-'    |           https://redis.io       
  `-._    `-._`-.__.-'_.-'    _.-'                                   
 |`-._`-._    `-.__.-'    _.-'_.-'|                                  
 |    `-._`-._        _.-'_.-'    |                                  
  `-._    `-._`-.__.-'_.-'    _.-'                                   
      `-._    `-.__.-'    _.-'                                       
          `-._        _.-'                                           
              `-.__.-'                                               

1:M 04 Nov 2021 14:52:21.259 # Server initialized
1:M 04 Nov 2021 14:52:21.269 * Ready to accept connections
